[19-Mar-2018 23:16:12 UTC] PHP Warning:  include_once(/home/content/a2pewpnaspod05_data03/40/41612340/html/wp-content/plugins/wp-super-cachewp-cache-phase1.php): failed to open stream: No such file or directory in /home/content/a2pewpnaspod05_data03/40/41612340/html/wp-content/advanced-cache.php on line 14
[19-Mar-2018 23:16:12 UTC] PHP Warning:  include_once(): Failed opening '/home/content/a2pewpnaspod05_data03/40/41612340/html/wp-content/plugins/wp-super-cachewp-cache-phase1.php' for inclusion (include_path='.:/usr/local/php5_6/lib/php') in /home/content/a2pewpnaspod05_data03/40/41612340/html/wp-content/advanced-cache.php on line 14
[19-Mar-2018 23:16:12 UTC] WordPress database error Table 'gzq641612340740.wp_wpdatacharts' doesn't exist for query SELECT id, title FROM wp_wpdatacharts ORDER BY id made by require('wp-blog-header.php'), require_once('wp-load.php'), require_once('wp-config.php'), require_once('wp-settings.php'), include_once('/plugins/wpdatatables/wpdatatables.php'), require_once('/plugins/wpdatatables/controllers/wdt_functions.php'), wdtGetAllChartsVC
[19-Mar-2018 23:16:13 UTC] PHP Notice:  Undefined variable: mce_activity_cat_ID in /home/content/a2pewpnaspod05_data03/40/41612340/html/wp-content/plugins/cont-ed-mar03/public/template/mce-activity-post.php on line 68
[19-Mar-2018 23:16:13 UTC] PHP Notice:  Undefined variable: mce_activity_cat_ID in /home/content/a2pewpnaspod05_data03/40/41612340/html/wp-content/plugins/cont-ed-mar03/public/template/mce-activity-post.php on line 68
[19-Mar-2018 23:16:13 UTC] PHP Notice:  Undefined variable: mce_activity_cat_ID in /home/content/a2pewpnaspod05_data03/40/41612340/html/wp-content/plugins/cont-ed-mar03/public/template/mce-activity-post.php on line 68
[19-Mar-2018 23:16:13 UTC] PHP Notice:  Undefined variable: mce_activity_cat_ID in /home/content/a2pewpnaspod05_data03/40/41612340/html/wp-content/plugins/cont-ed-mar03/public/template/mce-activity-post.php on line 68
[19-Mar-2018 23:16:13 UTC] PHP Notice:  Undefined variable: mce_activity_cat_ID in /home/content/a2pewpnaspod05_data03/40/41612340/html/wp-content/plugins/cont-ed-mar03/public/template/mce-activity-post.php on line 68
[19-Mar-2018 23:16:13 UTC] PHP Notice:  Undefined variable: mce_activity_cat_ID in /home/content/a2pewpnaspod05_data03/40/41612340/html/wp-content/plugins/cont-ed-mar03/public/template/mce-activity-post.php on line 68
[19-Mar-2018 23:16:13 UTC] PHP Notice:  Undefined variable: mce_activity_cat_ID in /home/content/a2pewpnaspod05_data03/40/41612340/html/wp-content/plugins/cont-ed-mar03/public/template/mce-activity-post.php on line 68
[19-Mar-2018 23:16:13 UTC] PHP Notice:  Undefined variable: mce_activity_cat_ID in /home/content/a2pewpnaspod05_data03/40/41612340/html/wp-content/plugins/cont-ed-mar03/public/template/mce-activity-post.php on line 68
[19-Mar-2018 23:16:13 UTC] PHP Notice:  Undefined variable: mce_activity_cat_ID in /home/content/a2pewpnaspod05_data03/40/41612340/html/wp-content/plugins/cont-ed-mar03/public/template/mce-activity-post.php on line 68
[19-Mar-2018 23:16:13 UTC] PHP Notice:  Undefined variable: mce_activity_cat_ID in /home/content/a2pewpnaspod05_data03/40/41612340/html/wp-content/plugins/cont-ed-mar03/public/template/mce-activity-post.php on line 68
[19-Mar-2018 23:16:13 UTC] PHP Notice:  Undefined variable: mce_activity_cat_ID in /home/content/a2pewpnaspod05_data03/40/41612340/html/wp-content/plugins/cont-ed-mar03/public/template/mce-activity-post.php on line 68
[19-Mar-2018 23:16:13 UTC] PHP Notice:  Undefined variable: mce_activity_cat_ID in /home/content/a2pewpnaspod05_data03/40/41612340/html/wp-content/plugins/cont-ed-mar03/public/template/mce-activity-post.php on line 68
[19-Mar-2018 23:16:13 UTC] PHP Notice:  Undefined variable: mce_activity_cat_ID in /home/content/a2pewpnaspod05_data03/40/41612340/html/wp-content/plugins/cont-ed-mar03/public/template/mce-activity-post.php on line 68
[19-Mar-2018 23:16:13 UTC] PHP Notice:  Undefined variable: mce_activity_cat_ID in /home/content/a2pewpnaspod05_data03/40/41612340/html/wp-content/plugins/cont-ed-mar03/public/template/mce-activity-post.php on line 68
[19-Mar-2018 23:16:13 UTC] PHP Notice:  Undefined variable: mce_activity_cat_ID in /home/content/a2pewpnaspod05_data03/40/41612340/html/wp-content/plugins/cont-ed-mar03/public/template/mce-activity-post.php on line 68
[19-Mar-2018 23:16:13 UTC] PHP Notice:  Undefined variable: mce_activity_cat_ID in /home/content/a2pewpnaspod05_data03/40/41612340/html/wp-content/plugins/cont-ed-mar03/public/template/mce-activity-post.php on line 68
[19-Mar-2018 23:16:13 UTC] PHP Notice:  Undefined variable: mce_activity_cat_ID in /home/content/a2pewpnaspod05_data03/40/41612340/html/wp-content/plugins/cont-ed-mar03/public/template/mce-activity-post.php on line 68
[19-Mar-2018 23:16:13 UTC] PHP Notice:  Undefined variable: mce_activity_cat_ID in /home/content/a2pewpnaspod05_data03/40/41612340/html/wp-content/plugins/cont-ed-mar03/public/template/mce-activity-post.php on line 68
[19-Mar-2018 23:16:13 UTC] PHP Notice:  Undefined variable: mce_activity_cat_ID in /home/content/a2pewpnaspod05_data03/40/41612340/html/wp-content/plugins/cont-ed-mar03/public/template/mce-activity-post.php on line 68
[19-Mar-2018 23:16:13 UTC] PHP Notice:  Undefined variable: mce_activity_cat_ID in /home/content/a2pewpnaspod05_data03/40/41612340/html/wp-content/plugins/cont-ed-mar03/public/template/mce-activity-post.php on line 68
[19-Mar-2018 23:16:13 UTC] PHP Notice:  Undefined variable: mce_activity_cat_ID in /home/content/a2pewpnaspod05_data03/40/41612340/html/wp-content/plugins/cont-ed-mar03/public/template/mce-activity-post.php on line 68
[19-Mar-2018 23:16:13 UTC] PHP Notice:  Undefined variable: mce_activity_cat_ID in /home/content/a2pewpnaspod05_data03/40/41612340/html/wp-content/plugins/cont-ed-mar03/public/template/mce-activity-post.php on line 68
[19-Mar-2018 23:16:13 UTC] PHP Notice:  Undefined variable: mce_activity_cat_ID in /home/content/a2pewpnaspod05_data03/40/41612340/html/wp-content/plugins/cont-ed-mar03/public/template/mce-activity-post.php on line 68
[19-Mar-2018 23:16:13 UTC] PHP Notice:  Undefined variable: mce_activity_cat_ID in /home/content/a2pewpnaspod05_data03/40/41612340/html/wp-content/plugins/cont-ed-mar03/public/template/mce-activity-post.php on line 68
[19-Mar-2018 23:16:13 UTC] PHP Notice:  Undefined variable: mce_activity_cat_ID in /home/content/a2pewpnaspod05_data03/40/41612340/html/wp-content/plugins/cont-ed-mar03/public/template/mce-activity-post.php on line 68
[19-Mar-2018 23:16:13 UTC] PHP Notice:  Undefined variable: mce_activity_cat_ID in /home/content/a2pewpnaspod05_data03/40/41612340/html/wp-content/plugins/cont-ed-mar03/public/template/mce-activity-post.php on line 68
[19-Mar-2018 23:16:13 UTC] PHP Notice:  Undefined variable: mce_activity_cat_ID in /home/content/a2pewpnaspod05_data03/40/41612340/html/wp-content/plugins/cont-ed-mar03/public/template/mce-activity-post.php on line 68
[19-Mar-2018 23:16:13 UTC] PHP Notice:  Undefined variable: mce_activity_cat_ID in /home/content/a2pewpnaspod05_data03/40/41612340/html/wp-content/plugins/cont-ed-mar03/public/template/mce-activity-post.php on line 68
[19-Mar-2018 23:16:13 UTC] PHP Notice:  Undefined variable: mce_activity_cat_ID in /home/content/a2pewpnaspod05_data03/40/41612340/html/wp-content/plugins/cont-ed-mar03/public/template/mce-activity-post.php on line 68
[19-Mar-2018 23:16:13 UTC] PHP Notice:  Undefined variable: mce_activity_cat_ID in /home/content/a2pewpnaspod05_data03/40/41612340/html/wp-content/plugins/cont-ed-mar03/public/template/mce-activity-post.php on line 68
[19-Mar-2018 23:16:13 UTC] PHP Notice:  Undefined variable: mce_activity_cat_ID in /home/content/a2pewpnaspod05_data03/40/41612340/html/wp-content/plugins/cont-ed-mar03/public/template/mce-activity-post.php on line 68
[19-Mar-2018 23:16:13 UTC] PHP Notice:  Undefined variable: mce_activity_cat_ID in /home/content/a2pewpnaspod05_data03/40/41612340/html/wp-content/plugins/cont-ed-mar03/public/template/mce-activity-post.php on line 68
[19-Mar-2018 23:16:13 UTC] PHP Notice:  Undefined variable: mce_activity_cat_ID in /home/content/a2pewpnaspod05_data03/40/41612340/html/wp-content/plugins/cont-ed-mar03/public/template/mce-activity-post.php on line 68
[19-Mar-2018 23:16:13 UTC] PHP Notice:  Undefined variable: mce_activity_cat_ID in /home/content/a2pewpnaspod05_data03/40/41612340/html/wp-content/plugins/cont-ed-mar03/public/template/mce-activity-post.php on line 68
[19-Mar-2018 23:16:13 UTC] PHP Notice:  Undefined variable: mce_activity_cat_ID in /home/content/a2pewpnaspod05_data03/40/41612340/html/wp-content/plugins/cont-ed-mar03/public/template/mce-activity-post.php on line 68
[19-Mar-2018 23:16:13 UTC] PHP Notice:  Undefined variable: mce_activity_cat_ID in /home/content/a2pewpnaspod05_data03/40/41612340/html/wp-content/plugins/cont-ed-mar03/public/template/mce-activity-post.php on line 68
[19-Mar-2018 23:16:13 UTC] PHP Notice:  Undefined variable: mce_activity_cat_ID in /home/content/a2pewpnaspod05_data03/40/41612340/html/wp-content/plugins/cont-ed-mar03/public/template/mce-activity-post.php on line 68
[19-Mar-2018 23:16:13 UTC] PHP Notice:  Undefined variable: mce_activity_cat_ID in /home/content/a2pewpnaspod05_data03/40/41612340/html/wp-content/plugins/cont-ed-mar03/public/template/mce-activity-post.php on line 68
[19-Mar-2018 23:16:13 UTC] PHP Notice:  Undefined variable: mce_activity_cat_ID in /home/content/a2pewpnaspod05_data03/40/41612340/html/wp-content/plugins/cont-ed-mar03/public/template/mce-activity-post.php on line 68
[19-Mar-2018 23:16:13 UTC] PHP Notice:  Undefined variable: mce_activity_cat_ID in /home/content/a2pewpnaspod05_data03/40/41612340/html/wp-content/plugins/cont-ed-mar03/public/template/mce-activity-post.php on line 68
[19-Mar-2018 23:16:13 UTC] PHP Notice:  Undefined variable: mce_activity_cat_ID in /home/content/a2pewpnaspod05_data03/40/41612340/html/wp-content/plugins/cont-ed-mar03/public/template/mce-activity-post.php on line 68
[19-Mar-2018 23:16:13 UTC] PHP Notice:  Undefined variable: mce_activity_cat_ID in /home/content/a2pewpnaspod05_data03/40/41612340/html/wp-content/plugins/cont-ed-mar03/public/template/mce-activity-post.php on line 68
[19-Mar-2018 23:16:13 UTC] PHP Notice:  Undefined variable: mce_activity_cat_ID in /home/content/a2pewpnaspod05_data03/40/41612340/html/wp-content/plugins/cont-ed-mar03/public/template/mce-activity-post.php on line 68
[19-Mar-2018 23:16:13 UTC] PHP Notice:  Undefined variable: mce_activity_cat_ID in /home/content/a2pewpnaspod05_data03/40/41612340/html/wp-content/plugins/cont-ed-mar03/public/template/mce-activity-post.php on line 68
[19-Mar-2018 23:16:13 UTC] PHP Notice:  Undefined variable: mce_report_period_ID in /home/content/a2pewpnaspod05_data03/40/41612340/html/wp-content/plugins/cont-ed-mar03/public/template/mce-activity-post.php on line 79
[19-Mar-2018 23:16:13 UTC] PHP Notice:  Undefined variable: mce_cat_lit in /home/content/a2pewpnaspod05_data03/40/41612340/html/wp-content/plugins/cont-ed-mar03/public/template/mce-activity-post.php on line 92
[19-Mar-2018 23:16:13 UTC] PHP Notice:  Undefined variable: mce_period_lit in /home/content/a2pewpnaspod05_data03/40/41612340/html/wp-content/plugins/cont-ed-mar03/public/template/mce-activity-post.php on line 93
